Starting a Gradle Daemon, 3 stopped Daemons could not be reused, use --status for details
> Task :expo-gradle-plugin:expo-autolinking-settings-plugin:checkKotlinGradlePluginConfigurationErrors SKIPPED
> Task :gradle-plugin:settings-plugin:checkKotlinGradlePluginConfigurationErrors SKIPPED
> Task :gradle-plugin:shared:checkKotlinGradlePluginConfigurationErrors SKIPPED
> Task :expo-gradle-plugin:expo-autolinking-plugin-shared:checkKotlinGradlePluginConfigurationErrors SKIPPED
> Task :gradle-plugin:settings-plugin:pluginDescriptors UP-TO-DATE
> Task :expo-gradle-plugin:expo-autolinking-settings-plugin:pluginDescriptors UP-TO-DATE
> Task :expo-gradle-plugin:expo-autolinking-settings-plugin:processResources UP-TO-DATE
> Task :gradle-plugin:settings-plugin:processResources UP-TO-DATE
> Task :gradle-plugin:shared:compileKotlin UP-TO-DATE
> Task :expo-gradle-plugin:expo-autolinking-plugin-shared:compileKotlin UP-TO-DATE
> Task :expo-gradle-plugin:expo-autolinking-plugin-shared:compileJava NO-SOURCE
> Task :gradle-plugin:shared:compileJava NO-SOURCE
> Task :gradle-plugin:shared:processResources NO-SOURCE
> Task :expo-gradle-plugin:expo-autolinking-plugin-shared:processResources NO-SOURCE
> Task :gradle-plugin:shared:classes UP-TO-DATE
> Task :expo-gradle-plugin:expo-autolinking-plugin-shared:classes UP-TO-DATE
> Task :gradle-plugin:shared:jar UP-TO-DATE
> Task :expo-gradle-plugin:expo-autolinking-plugin-shared:jar UP-TO-DATE
> Task :gradle-plugin:settings-plugin:compileKotlin UP-TO-DATE
> Task :gradle-plugin:settings-plugin:compileJava NO-SOURCE
> Task :gradle-plugin:settings-plugin:classes UP-TO-DATE
> Task :gradle-plugin:settings-plugin:jar UP-TO-DATE
> Task :expo-gradle-plugin:expo-autolinking-settings-plugin:compileKotlin UP-TO-DATE
> Task :expo-gradle-plugin:expo-autolinking-settings-plugin:compileJava NO-SOURCE
> Task :expo-gradle-plugin:expo-autolinking-settings-plugin:classes UP-TO-DATE
> Task :expo-gradle-plugin:expo-autolinking-settings-plugin:jar UP-TO-DATE
> Task :expo-gradle-plugin:expo-autolinking-plugin:checkKotlinGradlePluginConfigurationErrors SKIPPED
> Task :expo-gradle-plugin:expo-max-sdk-override-plugin:checkKotlinGradlePluginConfigurationErrors SKIPPED
> Task :gradle-plugin:react-native-gradle-plugin:checkKotlinGradlePluginConfigurationErrors SKIPPED
> Task :expo-module-gradle-plugin:checkKotlinGradlePluginConfigurationErrors SKIPPED
> Task :expo-module-gradle-plugin:pluginDescriptors UP-TO-DATE
> Task :expo-module-gradle-plugin:processResources UP-TO-DATE
> Task :expo-gradle-plugin:expo-max-sdk-override-plugin:compileKotlin UP-TO-DATE
> Task :expo-gradle-plugin:expo-autolinking-plugin:compileKotlin UP-TO-DATE
> Task :expo-gradle-plugin:expo-max-sdk-override-plugin:compileJava NO-SOURCE
> Task :expo-gradle-plugin:expo-autolinking-plugin:compileJava NO-SOURCE
> Task :expo-gradle-plugin:expo-max-sdk-override-plugin:pluginDescriptors UP-TO-DATE
> Task :expo-gradle-plugin:expo-autolinking-plugin:pluginDescriptors UP-TO-DATE
> Task :expo-gradle-plugin:expo-max-sdk-override-plugin:processResources UP-TO-DATE
> Task :expo-gradle-plugin:expo-max-sdk-override-plugin:classes UP-TO-DATE
> Task :expo-gradle-plugin:expo-autolinking-plugin:processResources UP-TO-DATE
> Task :expo-gradle-plugin:expo-autolinking-plugin:classes UP-TO-DATE
> Task :expo-gradle-plugin:expo-max-sdk-override-plugin:jar UP-TO-DATE
> Task :expo-gradle-plugin:expo-autolinking-plugin:jar UP-TO-DATE
> Task :gradle-plugin:react-native-gradle-plugin:compileKotlin UP-TO-DATE
> Task :gradle-plugin:react-native-gradle-plugin:compileJava NO-SOURCE
> Task :gradle-plugin:react-native-gradle-plugin:pluginDescriptors UP-TO-DATE
> Task :gradle-plugin:react-native-gradle-plugin:processResources UP-TO-DATE
> Task :gradle-plugin:react-native-gradle-plugin:classes UP-TO-DATE
> Task :gradle-plugin:react-native-gradle-plugin:jar UP-TO-DATE
> Task :expo-module-gradle-plugin:compileKotlin UP-TO-DATE
> Task :expo-module-gradle-plugin:compileJava NO-SOURCE
> Task :expo-module-gradle-plugin:classes UP-TO-DATE
> Task :expo-module-gradle-plugin:jar UP-TO-DATE

> Configure project :
[32m[ExpoRootProject][0m Using the following versions:
  - buildTools:  [32m36.0.0[0m
  - minSdk:      [32m24[0m
  - compileSdk:  [32m36[0m
  - targetSdk:   [32m36[0m
  - ndk:         [32m27.1.12297006[0m
  - kotlin:      [32m2.1.20[0m
  - ksp:         [32m2.1.20-2.0.1[0m

> Configure project :app
 ??  [33mApplying gradle plugin[0m '[32mexpo-max-sdk-override-plugin[0m'
  [expo-max-sdk-override-plugin] This plugin will find all permissions declared with `android:maxSdkVersion`. If there exists a declaration with the `android:maxSdkVersion` annotation and another one without, the plugin will remove the annotation from the final merged manifest. In order to see a log with the changes run a clean build of the app.

> Configure project :expo

Using expo modules
  - [32mexpo-log-box[0m (56.0.12)
  - [32mexpo-constants[0m (56.0.17)

> Configure project :expo-modules-core
Linking react-native-worklets native libs into expo-modules-core build tasks
task ':react-native-worklets:mergeDebugNativeLibs'
task ':react-native-worklets:mergeReleaseNativeLibs'

> Configure project :expo
  - [32mexpo-modules-core[0m (56.0.15)
  - [33m[?][0m [32mexpo-dom-webview[0m (56.0.5)
  - [33m[?][0m [32mexpo-ui[0m (56.0.16)
  - [33m[?][0m [32mexpo-asset[0m (56.0.16)
  - [33m[?][0m [32mexpo-clipboard[0m (56.0.4)
  - [33m[?][0m [32mexpo-file-system[0m (56.0.7)
  - [33m[?][0m [32mexpo-font[0m (56.0.5)
  - [33m[?][0m [32mexpo-keep-awake[0m (56.0.3)
  - [33m[?][0m [32mexpo-linear-gradient[0m (56.0.4)
  - [33m[?][0m [32mexpo-linking[0m (56.0.13)
  - [33m[?][0m [32mexpo-router[0m (56.2.9)
  - [33m[?][0m [32mexpo-splash-screen[0m (56.0.10)
  - [33m[?][0m [32mexpo-status-bar[0m (56.0.4)
  - [33m[?][0m [32mexpo-web-browser[0m (56.0.5)


> Task :expo-log-box:preBuild UP-TO-DATE
> Task :expo-modules-core:preBuild UP-TO-DATE
> Task :expo-modules-core:preReleaseBuild UP-TO-DATE
> Task :expo-log-box:preReleaseBuild UP-TO-DATE
> Task :react-native-masked-view_masked-view:preBuild UP-TO-DATE
> Task :react-native-masked-view_masked-view:preReleaseBuild UP-TO-DATE
> Task :expo:generatePackagesList UP-TO-DATE
> Task :expo-log-box:mergeReleaseJniLibFolders UP-TO-DATE
> Task :react-native-safe-area-context:generateCodegenSchemaFromJavaScript UP-TO-DATE
> Task :expo:preBuild UP-TO-DATE
> Task :expo:preReleaseBuild UP-TO-DATE
> Task :react-native-gesture-handler:generateCodegenSchemaFromJavaScript UP-TO-DATE
> Task :expo-log-box:mergeReleaseNativeLibs NO-SOURCE
> Task :expo-modules-core:mergeReleaseJniLibFolders UP-TO-DATE
> Task :app:generateAutolinkingNewArchitectureFiles UP-TO-DATE
> Task :react-native-masked-view_masked-view:mergeReleaseJniLibFolders UP-TO-DATE
> Task :expo-log-box:copyReleaseJniLibsProjectOnly UP-TO-DATE
> Task :expo-log-box:checkKotlinGradlePluginConfigurationErrors SKIPPED
> Task :react-native-svg:generateCodegenSchemaFromJavaScript UP-TO-DATE
> Task :expo-modules-core:checkKotlinGradlePluginConfigurationErrors SKIPPED
> Task :react-native-gesture-handler:generateCodegenArtifactsFromSchema UP-TO-DATE
> Task :react-native-safe-area-context:generateCodegenArtifactsFromSchema UP-TO-DATE
> Task :react-native-gesture-handler:preBuild UP-TO-DATE
> Task :react-native-safe-area-context:preBuild UP-TO-DATE
> Task :react-native-gesture-handler:preReleaseBuild UP-TO-DATE
> Task :react-native-safe-area-context:preReleaseBuild UP-TO-DATE
> Task :expo:mergeReleaseJniLibFolders UP-TO-DATE
> Task :react-native-masked-view_masked-view:mergeReleaseNativeLibs NO-SOURCE
> Task :react-native-screens:generateCodegenSchemaFromJavaScript UP-TO-DATE
> Task :expo:mergeReleaseNativeLibs NO-SOURCE
> Task :expo-log-box:generateReleaseBuildConfig UP-TO-DATE
> Task :expo-modules-core:generateReleaseBuildConfig UP-TO-DATE
> Task :react-native-gesture-handler:mergeReleaseJniLibFolders UP-TO-DATE
> Task :react-native-gesture-handler:checkKotlinGradlePluginConfigurationErrors SKIPPED
> Task :expo:copyReleaseJniLibsProjectOnly UP-TO-DATE
> Task :react-native-gesture-handler:generateReleaseBuildConfig UP-TO-DATE
> Task :react-native-masked-view_masked-view:copyReleaseJniLibsProjectOnly UP-TO-DATE
> Task :expo-modules-core:generateReleaseResValues UP-TO-DATE
> Task :react-native-safe-area-context:mergeReleaseJniLibFolders UP-TO-DATE
> Task :expo-log-box:generateReleaseResValues UP-TO-DATE
> Task :expo:checkKotlinGradlePluginConfigurationErrors SKIPPED
> Task :expo-modules-core:generateReleaseResources UP-TO-DATE
> Task :expo-log-box:generateReleaseResources UP-TO-DATE
> Task :react-native-gesture-handler:generateReleaseResValues UP-TO-DATE
> Task :react-native-svg:generateCodegenArtifactsFromSchema UP-TO-DATE
> Task :react-native-svg:preBuild UP-TO-DATE
> Task :react-native-svg:preReleaseBuild UP-TO-DATE
> Task :expo:generateReleaseBuildConfig UP-TO-DATE
> Task :react-native-safe-area-context:mergeReleaseNativeLibs NO-SOURCE
> Task :react-native-masked-view_masked-view:generateReleaseBuildConfig UP-TO-DATE
> Task :react-native-gesture-handler:generateReleaseResources UP-TO-DATE
> Task :react-native-svg:mergeReleaseJniLibFolders UP-TO-DATE
> Task :expo:generateReleaseResValues UP-TO-DATE
> Task :react-native-svg:mergeReleaseNativeLibs NO-SOURCE
> Task :react-native-masked-view_masked-view:generateReleaseResValues UP-TO-DATE
> Task :expo-modules-core:packageReleaseResources UP-TO-DATE
> Task :expo-log-box:packageReleaseResources UP-TO-DATE
> Task :react-native-safe-area-context:copyReleaseJniLibsProjectOnly UP-TO-DATE
> Task :react-native-svg:copyReleaseJniLibsProjectOnly UP-TO-DATE
> Task :expo:generateReleaseResources UP-TO-DATE
> Task :react-native-safe-area-context:checkKotlinGradlePluginConfigurationErrors SKIPPED
> Task :app:generateAutolinkingPackageList UP-TO-DATE
> Task :react-native-masked-view_masked-view:generateReleaseResources UP-TO-DATE
> Task :react-native-svg:generateReleaseBuildConfig UP-TO-DATE
> Task :react-native-screens:generateCodegenArtifactsFromSchema UP-TO-DATE
> Task :react-native-safe-area-context:generateReleaseBuildConfig UP-TO-DATE
> Task :react-native-svg:generateReleaseResValues UP-TO-DATE
> Task :react-native-screens:preBuild UP-TO-DATE
> Task :app:generateCodegenSchemaFromJavaScript SKIPPED
> Task :react-native-screens:preReleaseBuild UP-TO-DATE
> Task :expo:packageReleaseResources UP-TO-DATE
> Task :react-native-safe-area-context:generateReleaseResValues UP-TO-DATE
> Task :app:generateCodegenArtifactsFromSchema SKIPPED
> Task :react-native-svg:generateReleaseResources UP-TO-DATE
> Task :app:generateReactNativeEntryPoint UP-TO-DATE
> Task :expo-modules-core:parseReleaseLocalResources UP-TO-DATE
> Task :expo-log-box:parseReleaseLocalResources UP-TO-DATE
> Task :react-native-safe-area-context:generateReleaseResources UP-TO-DATE
> Task :expo:parseReleaseLocalResources UP-TO-DATE
> Task :react-native-masked-view_masked-view:packageReleaseResources UP-TO-DATE
> Task :react-native-svg:packageReleaseResources UP-TO-DATE
> Task :expo:generateReleaseRFile UP-TO-DATE
> Task :expo-modules-core:generateReleaseRFile UP-TO-DATE
> Task :expo-log-box:generateReleaseRFile UP-TO-DATE
> Task :expo:javaPreCompileRelease UP-TO-DATE
> Task :react-native-svg:parseReleaseLocalResources UP-TO-DATE
> Task :react-native-masked-view_masked-view:parseReleaseLocalResources UP-TO-DATE
> Task :expo-modules-core:javaPreCompileRelease UP-TO-DATE
> Task :expo:writeReleaseAarMetadata UP-TO-DATE
> Task :expo-modules-core:writeReleaseAarMetadata UP-TO-DATE
> Task :expo-log-box:javaPreCompileRelease UP-TO-DATE
> Task :react-native-safe-area-context:packageReleaseResources UP-TO-DATE
> Task :expo-log-box:writeReleaseAarMetadata UP-TO-DATE
> Task :expo:extractDeepLinksRelease UP-TO-DATE
> Task :react-native-svg:generateReleaseRFile UP-TO-DATE
> Task :expo-modules-core:extractDeepLinksRelease UP-TO-DATE
> Task :expo-log-box:extractDeepLinksRelease UP-TO-DATE
> Task :react-native-safe-area-context:parseReleaseLocalResources UP-TO-DATE
> Task :react-native-svg:javaPreCompileRelease UP-TO-DATE
> Task :expo-log-box:processReleaseManifest UP-TO-DATE
> Task :expo-modules-core:processReleaseManifest UP-TO-DATE
> Task :expo:processReleaseManifest UP-TO-DATE
> Task :react-native-masked-view_masked-view:generateReleaseRFile UP-TO-DATE
> Task :expo-modules-core:compileReleaseLibraryResources UP-TO-DATE
> Task :expo:compileReleaseLibraryResources UP-TO-DATE
> Task :expo-log-box:compileReleaseLibraryResources UP-TO-DATE
> Task :react-native-safe-area-context:generateReleaseRFile UP-TO-DATE
> Task :expo:prepareReleaseArtProfile UP-TO-DATE
> Task :react-native-masked-view_masked-view:javaPreCompileRelease UP-TO-DATE
> Task :expo:mergeReleaseShaders UP-TO-DATE
> Task :expo:compileReleaseShaders NO-SOURCE
> Task :expo:generateReleaseAssets UP-TO-DATE
> Task :expo:mergeReleaseAssets UP-TO-DATE
> Task :expo:extractProguardFiles UP-TO-DATE
> Task :expo-modules-core:prepareReleaseArtProfile UP-TO-DATE
> Task :expo:prepareLintJarForPublish UP-TO-DATE
> Task :expo:stripReleaseDebugSymbols NO-SOURCE
> Task :expo-modules-core:mergeReleaseShaders UP-TO-DATE
> Task :expo-modules-core:compileReleaseShaders NO-SOURCE
> Task :expo-modules-core:generateReleaseAssets UP-TO-DATE
> Task :expo:copyReleaseJniLibsProjectAndLocalJars UP-TO-DATE
> Task :expo:extractDeepLinksForAarRelease UP-TO-DATE
> Task :expo-modules-core:mergeReleaseAssets UP-TO-DATE
> Task :expo:writeReleaseLintModelMetadata UP-TO-DATE
> Task :expo-modules-core:extractProguardFiles UP-TO-DATE
> Task :expo-modules-core:prepareLintJarForPublish UP-TO-DATE
> Task :expo-modules-core:extractDeepLinksForAarRelease UP-TO-DATE
> Task :expo-modules-core:writeReleaseLintModelMetadata UP-TO-DATE
> Task :expo-log-box:prepareReleaseArtProfile UP-TO-DATE
> Task :expo-log-box:mergeReleaseShaders UP-TO-DATE
> Task :expo-log-box:compileReleaseShaders NO-SOURCE
> Task :expo-log-box:generateReleaseAssets UP-TO-DATE
> Task :react-native-gesture-handler:packageReleaseResources UP-TO-DATE
> Task :expo-log-box:mergeReleaseAssets UP-TO-DATE
> Task :expo-log-box:extractProguardFiles UP-TO-DATE
> Task :expo-log-box:prepareLintJarForPublish UP-TO-DATE
> Task :expo-log-box:stripReleaseDebugSymbols NO-SOURCE
> Task :expo-log-box:copyReleaseJniLibsProjectAndLocalJars UP-TO-DATE
> Task :react-native-gesture-handler:parseReleaseLocalResources UP-TO-DATE
> Task :expo-log-box:extractDeepLinksForAarRelease UP-TO-DATE
> Task :expo-log-box:writeReleaseLintModelMetadata UP-TO-DATE
> Task :app:buildKotlinToolingMetadata UP-TO-DATE
> Task :app:checkKotlinGradlePluginConfigurationErrors SKIPPED
> Task :react-native-gesture-handler:generateReleaseRFile UP-TO-DATE
> Task :react-native-gesture-handler:javaPreCompileRelease UP-TO-DATE
> Task :react-native-gesture-handler:writeReleaseAarMetadata UP-TO-DATE
> Task :react-native-gesture-handler:extractDeepLinksRelease UP-TO-DATE
> Task :react-native-reanimated:assertMinimalReactNativeVersionTask
> Task :react-native-reanimated:assertNewArchitectureEnabledTask SKIPPED
> Task :react-native-worklets:assertMinimalReactNativeVersionTask
> Task :react-native-worklets:assertNewArchitectureEnabledTask SKIPPED
> Task :react-native-worklets:generateCodegenSchemaFromJavaScript UP-TO-DATE
> Task :react-native-worklets:generateCodegenArtifactsFromSchema UP-TO-DATE
> Task :react-native-worklets:prepareWorkletsHeadersForPrefabs UP-TO-DATE
> Task :react-native-worklets:preBuild
> Task :react-native-worklets:preReleaseBuild
> Task :react-native-gesture-handler:processReleaseManifest UP-TO-DATE
> Task :app:createBundleReleaseJsAndAssets UP-TO-DATE
> Task :react-native-gesture-handler:compileReleaseLibraryResources UP-TO-DATE
> Task :react-native-gesture-handler:prepareReleaseArtProfile UP-TO-DATE
> Task :react-native-gesture-handler:mergeReleaseShaders UP-TO-DATE
> Task :react-native-gesture-handler:compileReleaseShaders NO-SOURCE
> Task :react-native-gesture-handler:generateReleaseAssets UP-TO-DATE
> Task :react-native-gesture-handler:mergeReleaseAssets UP-TO-DATE
> Task :react-native-gesture-handler:extractProguardFiles UP-TO-DATE
> Task :react-native-gesture-handler:prepareLintJarForPublish UP-TO-DATE
> Task :react-native-gesture-handler:extractDeepLinksForAarRelease UP-TO-DATE
> Task :react-native-gesture-handler:writeReleaseLintModelMetadata UP-TO-DATE
> Task :react-native-reanimated:assertWorkletsVersionTask
> Task :react-native-reanimated:generateCodegenSchemaFromJavaScript UP-TO-DATE
> Task :react-native-reanimated:generateCodegenArtifactsFromSchema UP-TO-DATE
> Task :react-native-reanimated:prepareReanimatedHeadersForPrefabs UP-TO-DATE
> Task :react-native-reanimated:preBuild
> Task :react-native-reanimated:preReleaseBuild
> Task :react-native-reanimated:mergeReleaseJniLibFolders UP-TO-DATE
> Task :react-native-reanimated:generateReleaseBuildConfig UP-TO-DATE
> Task :react-native-reanimated:generateReleaseResValues UP-TO-DATE
> Task :react-native-reanimated:generateReleaseResources UP-TO-DATE
> Task :react-native-reanimated:packageReleaseResources UP-TO-DATE
> Task :react-native-reanimated:parseReleaseLocalResources UP-TO-DATE
> Task :react-native-reanimated:generateReleaseRFile UP-TO-DATE
> Task :react-native-reanimated:javaPreCompileRelease UP-TO-DATE
> Task :react-native-reanimated:writeReleaseAarMetadata UP-TO-DATE
> Task :react-native-reanimated:extractDeepLinksRelease UP-TO-DATE
> Task :react-native-reanimated:processReleaseManifest UP-TO-DATE
> Task :react-native-reanimated:compileReleaseLibraryResources UP-TO-DATE
> Task :react-native-reanimated:prepareReleaseArtProfile UP-TO-DATE
> Task :react-native-reanimated:mergeReleaseShaders UP-TO-DATE
> Task :react-native-reanimated:compileReleaseShaders NO-SOURCE
> Task :react-native-reanimated:generateReleaseAssets UP-TO-DATE
> Task :react-native-reanimated:mergeReleaseAssets UP-TO-DATE
> Task :react-native-reanimated:processReleaseJavaRes NO-SOURCE
> Task :react-native-reanimated:extractProguardFiles UP-TO-DATE
> Task :react-native-reanimated:prepareLintJarForPublish UP-TO-DATE
> Task :react-native-reanimated:extractDeepLinksForAarRelease UP-TO-DATE
> Task :react-native-reanimated:mergeReleaseJavaResource UP-TO-DATE
> Task :react-native-reanimated:writeReleaseLintModelMetadata UP-TO-DATE
> Task :react-native-svg:compileReleaseJavaWithJavac UP-TO-DATE
> Task :react-native-masked-view_masked-view:compileReleaseJavaWithJavac UP-TO-DATE
> Task :react-native-svg:bundleLibCompileToJarRelease UP-TO-DATE
> Task :react-native-masked-view_masked-view:bundleLibRuntimeToDirRelease UP-TO-DATE
> Task :react-native-masked-view_masked-view:writeReleaseAarMetadata UP-TO-DATE
> Task :react-native-masked-view_masked-view:extractDeepLinksRelease UP-TO-DATE
> Task :react-native-masked-view_masked-view:processReleaseManifest UP-TO-DATE
> Task :react-native-masked-view_masked-view:compileReleaseLibraryResources UP-TO-DATE
> Task :react-native-masked-view_masked-view:bundleLibCompileToJarRelease UP-TO-DATE
> Task :react-native-masked-view_masked-view:prepareReleaseArtProfile UP-TO-DATE
> Task :react-native-masked-view_masked-view:bundleLibRuntimeToJarRelease UP-TO-DATE
> Task :react-native-svg:bundleLibRuntimeToDirRelease UP-TO-DATE
> Task :react-native-masked-view_masked-view:mergeReleaseShaders UP-TO-DATE
> Task :react-native-masked-view_masked-view:compileReleaseShaders NO-SOURCE
> Task :react-native-masked-view_masked-view:generateReleaseAssets UP-TO-DATE
> Task :react-native-svg:writeReleaseAarMetadata UP-TO-DATE
> Task :react-native-masked-view_masked-view:mergeReleaseAssets UP-TO-DATE
> Task :react-native-masked-view_masked-view:processReleaseJavaRes NO-SOURCE
> Task :react-native-svg:extractDeepLinksRelease UP-TO-DATE
> Task :react-native-masked-view_masked-view:createFullJarRelease UP-TO-DATE
> Task :react-native-masked-view_masked-view:extractProguardFiles UP-TO-DATE
> Task :react-native-svg:processReleaseManifest UP-TO-DATE
> Task :react-native-svg:compileReleaseLibraryResources UP-TO-DATE
> Task :react-native-svg:prepareReleaseArtProfile UP-TO-DATE
> Task :react-native-svg:bundleLibRuntimeToJarRelease UP-TO-DATE
> Task :react-native-svg:mergeReleaseShaders UP-TO-DATE
> Task :react-native-svg:compileReleaseShaders NO-SOURCE
> Task :react-native-svg:generateReleaseAssets UP-TO-DATE
> Task :react-native-svg:mergeReleaseAssets UP-TO-DATE
> Task :react-native-svg:processReleaseJavaRes NO-SOURCE
> Task :react-native-svg:createFullJarRelease UP-TO-DATE
> Task :react-native-svg:extractProguardFiles UP-TO-DATE

> Task :expo-constants:createExpoConfig
The NODE_ENV environment variable is required but was not specified. Ensure the project is bundled with Expo CLI or NODE_ENV is set. Using only .env.local and .env

> Task :expo-constants:preBuild
> Task :app:preBuild
> Task :app:preReleaseBuild
> Task :app:mergeReleaseJniLibFolders UP-TO-DATE
> Task :expo-constants:preReleaseBuild

> Task :react-native-screens:configureCMakeRelWithDebInfo[arm64-v8a]
[CXX5304] This version only understands SDK XML versions up to 3 but an SDK XML file of version 4 was encountered. This can happen if you use versions of Android Studio and the command-line tools that were released at different times.
[CXX5304] This version only understands SDK XML versions up to 3 but an SDK XML file of version 4 was encountered. This can happen if you use versions of Android Studio and the command-line tools that were released at different times.

> Task :expo-constants:mergeReleaseJniLibFolders UP-TO-DATE
> Task :expo-constants:mergeReleaseNativeLibs NO-SOURCE
> Task :expo-constants:copyReleaseJniLibsProjectOnly UP-TO-DATE
> Task :expo-constants:checkKotlinGradlePluginConfigurationErrors SKIPPED
> Task :expo-constants:generateReleaseBuildConfig UP-TO-DATE
> Task :expo-constants:generateReleaseResValues UP-TO-DATE
> Task :expo-log-box:mapReleaseSourceSetPaths UP-TO-DATE
> Task :expo-constants:generateReleaseResources UP-TO-DATE
> Task :expo-constants:packageReleaseResources UP-TO-DATE
> Task :expo-constants:parseReleaseLocalResources UP-TO-DATE
> Task :expo-constants:generateReleaseRFile UP-TO-DATE
> Task :expo-constants:javaPreCompileRelease UP-TO-DATE
> Task :expo-constants:writeReleaseAarMetadata UP-TO-DATE
> Task :expo-constants:extractDeepLinksRelease UP-TO-DATE
> Task :expo-constants:processReleaseManifest UP-TO-DATE
> Task :expo-constants:compileReleaseLibraryResources UP-TO-DATE
> Task :expo-constants:prepareReleaseArtProfile UP-TO-DATE
> Task :expo-constants:mergeReleaseShaders UP-TO-DATE
> Task :expo-constants:compileReleaseShaders NO-SOURCE
> Task :expo-constants:generateReleaseAssets UP-TO-DATE
> Task :expo-constants:mergeReleaseAssets UP-TO-DATE
> Task :expo-constants:extractProguardFiles UP-TO-DATE
> Task :expo-constants:prepareLintJarForPublish UP-TO-DATE
> Task :expo-constants:stripReleaseDebugSymbols NO-SOURCE
> Task :expo-constants:copyReleaseJniLibsProjectAndLocalJars UP-TO-DATE
> Task :expo-constants:extractDeepLinksForAarRelease UP-TO-DATE
> Task :expo-constants:writeReleaseLintModelMetadata UP-TO-DATE
> Task :expo-constants:mapReleaseSourceSetPaths UP-TO-DATE
> Task :expo-log-box:mergeReleaseResources UP-TO-DATE
> Task :expo-constants:mergeReleaseResources UP-TO-DATE
> Task :expo-constants:verifyReleaseResources UP-TO-DATE
> Task :react-native-safe-area-context:compileReleaseKotlin UP-TO-DATE
> Task :react-native-safe-area-context:javaPreCompileRelease UP-TO-DATE
> Task :react-native-safe-area-context:compileReleaseJavaWithJavac UP-TO-DATE
> Task :react-native-safe-area-context:bundleLibRuntimeToDirRelease UP-TO-DATE
> Task :react-native-safe-area-context:writeReleaseAarMetadata UP-TO-DATE
> Task :react-native-safe-area-context:extractDeepLinksRelease UP-TO-DATE
> Task :react-native-safe-area-context:processReleaseManifest UP-TO-DATE
> Task :react-native-safe-area-context:compileReleaseLibraryResources UP-TO-DATE
> Task :react-native-safe-area-context:bundleLibCompileToJarRelease UP-TO-DATE
> Task :react-native-masked-view_masked-view:generateReleaseLintModel UP-TO-DATE
> Task :react-native-svg:generateReleaseLintModel UP-TO-DATE
> Task :react-native-svg:prepareLintJarForPublish UP-TO-DATE
> Task :react-native-masked-view_masked-view:prepareLintJarForPublish UP-TO-DATE
> Task :react-native-safe-area-context:prepareReleaseArtProfile UP-TO-DATE
> Task :react-native-svg:stripReleaseDebugSymbols NO-SOURCE
> Task :react-native-masked-view_masked-view:stripReleaseDebugSymbols NO-SOURCE
> Task :react-native-safe-area-context:bundleLibRuntimeToJarRelease UP-TO-DATE
> Task :react-native-svg:copyReleaseJniLibsProjectAndLocalJars UP-TO-DATE
> Task :react-native-masked-view_masked-view:copyReleaseJniLibsProjectAndLocalJars UP-TO-DATE
> Task :react-native-safe-area-context:mergeReleaseShaders UP-TO-DATE
> Task :react-native-svg:extractDeepLinksForAarRelease UP-TO-DATE
> Task :react-native-masked-view_masked-view:extractDeepLinksForAarRelease UP-TO-DATE
> Task :react-native-safe-area-context:compileReleaseShaders NO-SOURCE
> Task :react-native-safe-area-context:generateReleaseAssets UP-TO-DATE
> Task :react-native-safe-area-context:mergeReleaseAssets UP-TO-DATE
> Task :react-native-safe-area-context:processReleaseJavaRes UP-TO-DATE
> Task :react-native-safe-area-context:createFullJarRelease UP-TO-DATE
> Task :react-native-safe-area-context:extractProguardFiles UP-TO-DATE
> Task :react-native-safe-area-context:generateReleaseLintModel UP-TO-DATE
> Task :react-native-safe-area-context:prepareLintJarForPublish UP-TO-DATE
> Task :react-native-safe-area-context:stripReleaseDebugSymbols NO-SOURCE
> Task :react-native-safe-area-context:copyReleaseJniLibsProjectAndLocalJars UP-TO-DATE
> Task :react-native-safe-area-context:extractDeepLinksForAarRelease UP-TO-DATE
> Task :react-native-worklets:configureCMakeRelWithDebInfo[arm64-v8a]
> Task :react-native-screens:buildCMakeRelWithDebInfo[arm64-v8a]
> Task :react-native-screens:mergeReleaseJniLibFolders UP-TO-DATE
> Task :react-native-worklets:buildCMakeRelWithDebInfo[arm64-v8a][worklets]

> Task :react-native-worklets:externalNativeBuildRelease
C/C++: Hard link from 'C:\Users\meran\.gradle\caches\9.3.1\transforms\59620672dad6b66e63202d7c7879dbd9\workspace\transformed\react-android-0.85.3-release\prefab\modules\reactnative\libs\android.arm64-v8a\libreactnative.so' to 'E:\Eranna_Reactive\chatApplication\frontend\node_modules\react-native-worklets\android\build\intermediates\cmake\release\obj\arm64-v8a\libreactnative.so' failed. Doing a slower copy instead.
C/C++: Hard link from 'C:\Users\meran\.gradle\caches\9.3.1\transforms\59620672dad6b66e63202d7c7879dbd9\workspace\transformed\react-android-0.85.3-release\prefab\modules\reactnative\libs\android.arm64-v8a\libreactnative.so' to 'E:\Eranna_Reactive\chatApplication\frontend\node_modules\react-native-worklets\android\build\intermediates\cmake\release\obj\arm64-v8a\libreactnative.so' failed. Doing a slower copy instead.

> Task :react-native-screens:checkKotlinGradlePluginConfigurationErrors SKIPPED
> Task :react-native-screens:generateReleaseBuildConfig UP-TO-DATE
> Task :react-native-screens:generateReleaseResValues UP-TO-DATE
> Task :react-native-screens:generateReleaseResources UP-TO-DATE
> Task :react-native-screens:packageReleaseResources UP-TO-DATE
> Task :react-native-screens:parseReleaseLocalResources UP-TO-DATE
> Task :react-native-screens:generateReleaseRFile UP-TO-DATE
> Task :react-native-screens:mergeReleaseNativeLibs
> Task :react-native-worklets:generateJsonModelRelease
> Task :react-native-worklets:prefabReleaseConfigurePackage
> Task :react-native-worklets:prefabReleasePackage
> Task :react-native-reanimated:configureCMakeRelWithDebInfo[arm64-v8a]
> Task :react-native-reanimated:generateJsonModelRelease
> Task :react-native-reanimated:prefabReleaseConfigurePackage
> Task :app:checkReleaseDuplicateClasses
> Task :expo-log-box:verifyReleaseResources
> Task :react-native-svg:extractReleaseAnnotations
> Task :react-native-masked-view_masked-view:extractReleaseAnnotations
> Task :react-native-safe-area-context:extractReleaseAnnotations
> Task :react-native-screens:compileReleaseKotlin
> Task :expo-modules-core:configureCMakeRelWithDebInfo[arm64-v8a]
> Task :react-native-worklets:mergeReleaseJniLibFolders
> Task :react-native-reanimated:buildCMakeRelWithDebInfo[arm64-v8a][reanimated]
> Task :react-native-worklets:mergeReleaseNativeLibs
> Task :react-native-worklets:copyReleaseJniLibsProjectOnly
> Task :react-native-worklets:checkKotlinGradlePluginConfigurationErrors SKIPPED
> Task :react-native-worklets:generateReleaseBuildConfig
> Task :react-native-worklets:generateReleaseResValues
> Task :react-native-worklets:generateReleaseResources
> Task :react-native-worklets:packageReleaseResources
> Task :react-native-worklets:parseReleaseLocalResources
> Task :react-native-worklets:generateReleaseRFile
> Task :react-native-worklets:compileReleaseKotlin NO-SOURCE
> Task :react-native-worklets:javaPreCompileRelease
> Task :react-native-screens:copyReleaseJniLibsProjectOnly
> Task :react-native-screens:javaPreCompileRelease UP-TO-DATE
> Task :react-native-screens:writeReleaseAarMetadata UP-TO-DATE
> Task :react-native-screens:extractDeepLinksRelease UP-TO-DATE
> Task :react-native-screens:processReleaseManifest UP-TO-DATE
> Task :react-native-screens:compileReleaseLibraryResources UP-TO-DATE
> Task :react-native-screens:prepareReleaseArtProfile UP-TO-DATE
> Task :react-native-screens:mergeReleaseShaders UP-TO-DATE
> Task :react-native-screens:compileReleaseShaders NO-SOURCE
> Task :react-native-screens:generateReleaseAssets UP-TO-DATE
> Task :react-native-screens:mergeReleaseAssets UP-TO-DATE
> Task :react-native-screens:extractProguardFiles
> Task :react-native-screens:prepareLintJarForPublish
> Task :react-native-screens:extractDeepLinksForAarRelease
> Task :react-native-screens:writeReleaseLintModelMetadata
> Task :react-native-screens:stripReleaseDebugSymbols
> Task :react-native-screens:copyReleaseJniLibsProjectAndLocalJars

> Task :react-native-worklets:compileReleaseJavaWithJavac
Note: E:\Eranna_Reactive\chatApplication\frontend\node_modules\react-native-worklets\android\src\main\java\com\swmansion\worklets\WorkletsMessageQueueThreadBase.java uses or overrides a deprecated API.
Note: Recompile with -Xlint:deprecation for details.
Note: E:\Eranna_Reactive\chatApplication\frontend\node_modules\react-native-worklets\android\src\main\java\com\swmansion\worklets\WorkletsPackage.java uses unchecked or unsafe operations.
Note: Recompile with -Xlint:unchecked for details.

> Task :react-native-screens:mapReleaseSourceSetPaths
> Task :react-native-gesture-handler:configureCMakeRelWithDebInfo[arm64-v8a]
> Task :react-native-screens:mergeReleaseResources
> Task :react-native-worklets:bundleLibRuntimeToDirRelease
> Task :react-native-worklets:bundleLibCompileToJarRelease
> Task :react-native-worklets:writeReleaseAarMetadata
> Task :react-native-worklets:extractDeepLinksRelease
> Task :react-native-worklets:processReleaseManifest
> Task :react-native-worklets:compileReleaseLibraryResources
> Task :react-native-worklets:prepareReleaseArtProfile
> Task :react-native-worklets:bundleLibRuntimeToJarRelease
> Task :expo:mapReleaseSourceSetPaths
> Task :react-native-worklets:mergeReleaseShaders
> Task :react-native-worklets:compileReleaseShaders NO-SOURCE
> Task :react-native-worklets:generateReleaseAssets UP-TO-DATE
> Task :react-native-worklets:mergeReleaseAssets
> Task :react-native-worklets:processReleaseJavaRes NO-SOURCE
> Task :react-native-worklets:createFullJarRelease
> Task :react-native-worklets:extractProguardFiles
> Task :react-native-worklets:generateReleaseLintModel
> Task :react-native-worklets:prepareLintJarForPublish
> Task :react-native-worklets:extractDeepLinksForAarRelease
> Task :react-native-worklets:stripReleaseDebugSymbols

> Task :react-native-reanimated:buildCMakeRelWithDebInfo[arm64-v8a][reanimated]
C/C++: Hard link from 'C:\Users\meran\.gradle\caches\9.3.1\transforms\59620672dad6b66e63202d7c7879dbd9\workspace\transformed\react-android-0.85.3-release\prefab\modules\reactnative\libs\android.arm64-v8a\libreactnative.so' to 'E:\Eranna_Reactive\chatApplication\frontend\node_modules\react-native-reanimated\android\build\intermediates\cxx\RelWithDebInfo\3b4q2c3h\obj\arm64-v8a\libreactnative.so' failed. Doing a slower copy instead.
C/C++: Hard link from 'C:\Users\meran\.gradle\caches\9.3.1\transforms\59620672dad6b66e63202d7c7879dbd9\workspace\transformed\react-android-0.85.3-release\prefab\modules\reactnative\libs\android.arm64-v8a\libreactnative.so' to 'E:\Eranna_Reactive\chatApplication\frontend\node_modules\react-native-reanimated\android\build\intermediates\cxx\RelWithDebInfo\3b4q2c3h\obj\arm64-v8a\libreactnative.so' failed. Doing a slower copy instead.

> Task :react-native-reanimated:externalNativeBuildRelease
C/C++: Hard link from 'C:\Users\meran\.gradle\caches\9.3.1\transforms\59620672dad6b66e63202d7c7879dbd9\workspace\transformed\react-android-0.85.3-release\prefab\modules\reactnative\libs\android.arm64-v8a\libreactnative.so' to 'E:\Eranna_Reactive\chatApplication\frontend\node_modules\react-native-reanimated\android\build\intermediates\cmake\release\obj\arm64-v8a\libreactnative.so' failed. Doing a slower copy instead.
C/C++: Hard link from 'C:\Users\meran\.gradle\caches\9.3.1\transforms\59620672dad6b66e63202d7c7879dbd9\workspace\transformed\react-android-0.85.3-release\prefab\modules\reactnative\libs\android.arm64-v8a\libreactnative.so' to 'E:\Eranna_Reactive\chatApplication\frontend\node_modules\react-native-reanimated\android\build\intermediates\cmake\release\obj\arm64-v8a\libreactnative.so' failed. Doing a slower copy instead.

> Task :react-native-reanimated:prefabReleasePackage
> Task :react-native-reanimated:mergeReleaseNativeLibs

> Task :react-native-reanimated:compileReleaseJavaWithJavac
Note: Some input files use or override a deprecated API.
Note: Recompile with -Xlint:deprecation for details.
Note: Some input files use unchecked or unsafe operations.
Note: Recompile with -Xlint:unchecked for details.

> Task :react-native-reanimated:bundleLibCompileToJarRelease
> Task :react-native-reanimated:copyReleaseJniLibsProjectOnly
> Task :react-native-reanimated:bundleLibRuntimeToDirRelease
> Task :react-native-reanimated:bundleLibRuntimeToJarRelease
> Task :react-native-reanimated:createFullJarRelease
> Task :react-native-reanimated:generateReleaseLintModel
> Task :react-native-reanimated:stripReleaseDebugSymbols
> Task :react-native-screens:verifyReleaseResources

> Task :react-native-screens:compileReleaseKotlin
w: file:///E:/Eranna_Reactive/chatApplication/frontend/node_modules/react-native-screens/android/src/main/java/com/swmansion/rnscreens/RNScreensPackage.kt:66:9 The corresponding parameter in the supertype 'BaseReactPackage' is named 'name'. This may cause problems when calling this function with named arguments.
w: file:///E:/Eranna_Reactive/chatApplication/frontend/node_modules/react-native-screens/android/src/main/java/com/swmansion/rnscreens/RNScreensPackage.kt:67:9 The corresponding parameter in the supertype 'BaseReactPackage' is named 'reactContext'. This may cause problems when calling this function with named arguments.
w: file:///E:/Eranna_Reactive/chatApplication/frontend/node_modules/react-native-screens/android/src/main/java/com/swmansion/rnscreens/RNScreensPackage.kt:79:17 'constructor(name: String, className: String, canOverrideExistingModule: Boolean, needsEagerInit: Boolean, hasConstants: Boolean, isCxxModule: Boolean, isTurboModule: Boolean): ReactModuleInfo' is deprecated. This constructor is deprecated and will be removed in the future. Use ReactModuleInfo(String, String, boolean, boolean, boolean, boolean)].
w: file:///E:/Eranna_Reactive/chatApplication/frontend/node_modules/react-native-screens/android/src/main/java/com/swmansion/rnscreens/Screen.kt:53:77 Unchecked cast of '(CoordinatorLayout.Behavior<View!>?..CoordinatorLayout.Behavior<*>?)' to 'BottomSheetBehavior<Screen>'.
w: file:///E:/Eranna_Reactive/chatApplication/frontend/node_modules/react-native-screens/android/src/main/java/com/swmansion/rnscreens/Screen.kt:58:33 'fun getEventDispatcherForReactTag(context: ReactContext, reactTag: Int): EventDispatcher?' is deprecated. reactTag is no longer needed.
w: file:///E:/Eranna_Reactive/chatApplication/frontend/node_modules/react-native-screens/android/src/main/java/com/swmansion/rnscreens/Screen.kt:515:14 'fun getEventDispatcherForReactTag(context: ReactContext, reactTag: Int): EventDispatcher?' is deprecated. reactTag is no longer needed.
w: file:///E:/Eranna_Reactive/chatApplication/frontend/node_modules/react-native-screens/android/src/main/java/com/swmansion/rnscreens/ScreenContainer.kt:250:18 'fun getEventDispatcherForReactTag(context: ReactContext, reactTag: Int): EventDispatcher?' is deprecated. reactTag is no longer needed.
w: file:///E:/Eranna_Reactive/chatApplication/frontend/node_modules/react-native-screens/android/src/main/java/com/swmansion/rnscreens/ScreenContainer.kt:260:18 'fun getEventDispatcherForReactTag(context: ReactContext, reactTag: Int): EventDispatcher?' is deprecated. reactTag is no longer needed.
w: file:///E:/Eranna_Reactive/chatApplication/frontend/node_modules/react-native-screens/android/src/main/java/com/swmansion/rnscreens/ScreenFragment.kt:225:37 'fun getEventDispatcherForReactTag(context: ReactContext, reactTag: Int): EventDispatcher?' is deprecated. reactTag is no longer needed.
w: file:///E:/Eranna_Reactive/chatApplication/frontend/node_modules/react-native-screens/android/src/main/java/com/swmansion/rnscreens/ScreenFragment.kt:242:14 'fun getEventDispatcherForReactTag(context: ReactContext, reactTag: Int): EventDispatcher?' is deprecated. reactTag is no longer needed.
w: file:///E:/Eranna_Reactive/chatApplication/frontend/node_modules/react-native-screens/android/src/main/java/com/swmansion/rnscreens/ScreenFragment.kt:258:22 'fun getEventDispatcherForReactTag(context: ReactContext, reactTag: Int): EventDispatcher?' is deprecated. reactTag is no longer needed.
w: file:///E:/Eranna_Reactive/chatApplication/frontend/node_modules/react-native-screens/android/src/main/java/com/swmansion/rnscreens/ScreenFragment.kt:327:22 'fun getEventDispatcherForReactTag(context: ReactContext, reactTag: Int): EventDispatcher?' is deprecated. reactTag is no longer needed.
w: file:///E:/Eranna_Reactive/chatApplication/frontend/node_modules/react-native-screens/android/src/main/java/com/swmansion/rnscreens/ScreenModalFragment.kt:180:22 'fun getEventDispatcherForReactTag(context: ReactContext, reactTag: Int): EventDispatcher?' is deprecated. reactTag is no longer needed.
w: file:///E:/Eranna_Reactive/chatApplication/frontend/node_modules/react-native-screens/android/src/main/java/com/swmansion/rnscreens/ScreenStack.kt:106:14 'fun getEventDispatcherForReactTag(context: ReactContext, reactTag: Int): EventDispatcher?' is deprecated. reactTag is no longer needed.
w: file:///E:/Eranna_Reactive/chatApplication/frontend/node_modules/react-native-screens/android/src/main/java/com/swmansion/rnscreens/ScreenStackFragment.kt:169:18 'fun getEventDispatcherForReactTag(context: ReactContext, reactTag: Int): EventDispatcher?' is deprecated. reactTag is no longer needed.
w: file:///E:/Eranna_Reactive/chatApplication/frontend/node_modules/react-native-screens/android/src/main/java/com/swmansion/rnscreens/ScreenStackFragment.kt:226:31 'var targetElevation: Float' is deprecated. Deprecated in Java.
w: file:///E:/Eranna_Reactive/chatApplication/frontend/node_modules/react-native-screens/android/src/main/java/com/swmansion/rnscreens/ScreenStackFragment.kt:229:13 'fun setHasOptionsMenu(p0: Boolean): Unit' is deprecated. Deprecated in Java.
w: file:///E:/Eranna_Reactive/chatApplication/frontend/node_modules/react-native-screens/android/src/main/java/com/swmansion/rnscreens/ScreenStackFragment.kt:439:18 This declaration overrides a deprecated member but is not marked as deprecated itself. Add the '@Deprecated' annotation or suppress the diagnostic.
w: file:///E:/Eranna_Reactive/chatApplication/frontend/node_modules/react-native-screens/android/src/main/java/com/swmansion/rnscreens/ScreenStackFragment.kt:446:22 'fun onPrepareOptionsMenu(p0: Menu): Unit' is deprecated. Deprecated in Java.
w: file:///E:/Eranna_Reactive/chatApplication/frontend/node_modules/react-native-screens/android/src/main/java/com/swmansion/rnscreens/ScreenStackFragment.kt:449:18 This declaration overrides a deprecated member but is not marked as deprecated itself. Add the '@Deprecated' annotation or suppress the diagnostic.
w: file:///E:/Eranna_Reactive/chatApplication/frontend/node_modules/react-native-screens/android/src/main/java/com/swmansion/rnscreens/ScreenStackFragment.kt:454:22 'fun onCreateOptionsMenu(p0: Menu, p1: MenuInflater): Unit' is deprecated. Deprecated in Java.
w: file:///E:/Eranna_Reactive/chatApplication/frontend/node_modules/react-native-screens/android/src/main/java/com/swmansion/rnscreens/ScreenStackHeaderConfig.kt:181:14 'fun getEventDispatcherForReactTag(context: ReactContext, reactTag: Int): EventDispatcher?' is deprecated. reactTag is no longer needed.
w: file:///E:/Eranna_Reactive/chatApplication/frontend/node_modules/react-native-screens/android/src/main/java/com/swmansion/rnscreens/ScreenStackHeaderConfig.kt:191:14 'fun getEventDispatcherForReactTag(context: ReactContext, reactTag: Int): EventDispatcher?' is deprecated. reactTag is no longer needed.
w: file:///E:/Eranna_Reactive/chatApplication/frontend/node_modules/react-native-screens/android/src/main/java/com/swmansion/rnscreens/ScreenWindowTraits.kt:48:42 'fun replaceSystemWindowInsets(p0: Int, p1: Int, p2: Int, p3: Int): @NonNull() WindowInsetsCompat' is deprecated. Deprecated in Java.
w: file:///E:/Eranna_Reactive/chatApplication/frontend/node_modules/react-native-screens/android/src/main/java/com/swmansion/rnscreens/ScreenWindowTraits.kt:49:39 'val systemWindowInsetLeft: Int' is deprecated. Deprecated in Java.
w: file:///E:/Eranna_Reactive/chatApplication/frontend/node_modules/react-native-screens/android/src/main/java/com/swmansion/rnscreens/ScreenWindowTraits.kt:51:39 'val systemWindowInsetRight: Int' is deprecated. Deprecated in Java.
w: file:///E:/Eranna_Reactive/chatApplication/frontend/node_modules/react-native-screens/android/src/main/java/com/swmansion/rnscreens/ScreenWindowTraits.kt:52:39 'val systemWindowInsetBottom: Int' is deprecated. Deprecated in Java.
w: file:///E:/Eranna_Reactive/chatApplication/frontend/node_modules/react-native-screens/android/src/main/java/com/swmansion/rnscreens/ScreensModule.kt:100:14 'fun getEventDispatcherForReactTag(context: ReactContext, reactTag: Int): EventDispatcher?' is deprecated. reactTag is no longer needed.
w: file:///E:/Eranna_Reactive/chatApplication/frontend/node_modules/react-native-screens/android/src/main/java/com/swmansion/rnscreens/SearchBarView.kt:137:29 'fun getEventDispatcherForReactTag(context: ReactContext, reactTag: Int): EventDispatcher?' is deprecated. reactTag is no longer needed.
w: file:///E:/Eranna_Reactive/chatApplication/frontend/node_modules/react-native-screens/android/src/main/java/com/swmansion/rnscreens/bottomsheet/BottomSheetDialogRootView.kt:7:8 'object ReactFeatureFlags : Any' is deprecated. Use com.facebook.react.internal.featureflags.ReactNativeFeatureFlags instead.
w: file:///E:/Eranna_Reactive/chatApplication/frontend/node_modules/react-native-screens/android/src/main/java/com/swmansion/rnscreens/bottomsheet/BottomSheetDialogRootView.kt:25:13 'object ReactFeatureFlags : Any' is deprecated. Use com.facebook.react.internal.featureflags.ReactNativeFeatureFlags instead.
w: file:///E:/Eranna_Reactive/chatApplication/frontend/node_modules/react-native-screens/android/src/main/java/com/swmansion/rnscreens/bottomsheet/BottomSheetDialogRootView.kt:32:9 The corresponding parameter in the supertype 'ReactViewGroup' is named 'left'. This may cause problems when calling this function with named arguments.
w: file:///E:/Eranna_Reactive/chatApplication/frontend/node_modules/react-native-screens/android/src/main/java/com/swmansion/rnscreens/bottomsheet/BottomSheetDialogRootView.kt:33:9 The corresponding parameter in the supertype 'ReactViewGroup' is named 'top'. This may cause problems when calling this function with named arguments.
w: file:///E:/Eranna_Reactive/chatApplication/frontend/node_modules/react-native-screens/android/src/main/java/com/swmansion/rnscreens/bottomsheet/BottomSheetDialogRootView.kt:34:9 The corresponding parameter in the supertype 'ReactViewGroup' is named 'right'. This may cause problems when calling this function with named arguments.
w: file:///E:/Eranna_Reactive/chatApplication/frontend/node_modules/react-native-screens/android/src/main/java/com/swmansion/rnscreens/bottomsheet/BottomSheetDialogRootView.kt:35:9 The corresponding parameter in the supertype 'ReactViewGroup' is named 'bottom'. This may cause problems when calling this function with named arguments.
w: file:///E:/Eranna_Reactive/chatApplication/frontend/node_modules/react-native-screens/android/src/main/java/com/swmansion/rnscreens/bottomsheet/BottomSheetDialogRootView.kt:71:9 The corresponding parameter in the supertype 'RootView' is named 'childView'. This may cause problems when calling this function with named arguments.
w: file:///E:/Eranna_Reactive/chatApplication/frontend/node_modules/react-native-screens/android/src/main/java/com/swmansion/rnscreens/bottomsheet/BottomSheetDialogRootView.kt:72:9 The corresponding parameter in the supertype 'RootView' is named 'ev'. This may cause problems when calling this function with named arguments.
w: file:///E:/Eranna_Reactive/chatApplication/frontend/node_modules/react-native-screens/android/src/main/java/com/swmansion/rnscreens/bottomsheet/BottomSheetDialogRootView.kt:79:46 The corresponding parameter in the supertype 'RootView' is named 'ev'. This may cause problems when calling this function with named arguments.
w: file:///E:/Eranna_Reactive/chatApplication/frontend/node_modules/react-native-screens/android/src/main/java/com/swmansion/rnscreens/bottomsheet/BottomSheetDialogRootView.kt:83:9 The corresponding parameter in the supertype 'RootView' is named 'childView'. This may cause problems when calling this function with named arguments.
w: file:///E:/Eranna_Reactive/chatApplication/frontend/node_modules/react-native-screens/android/src/main/java/com/swmansion/rnscreens/bottomsheet/BottomSheetDialogRootView.kt:84:9 The corresponding parameter in the supertype 'RootView' is named 'ev'. This may cause problems when calling this function with named arguments.
w: file:///E:/Eranna_Reactive/chatApplication/frontend/node_modules/react-native-screens/android/src/main/java/com/swmansion/rnscreens/bottomsheet/BottomSheetDialogRootView.kt:95:34 The corresponding parameter in the supertype 'RootView' is named 't'. This may cause problems when calling this function with named arguments.
w: file:///E:/Eranna_Reactive/chatApplication/frontend/node_modules/react-native-screens/android/src/main/java/com/swmansion/rnscreens/bottomsheet/DimmingView.kt:64:9 The corresponding parameter in the supertype 'ReactCompoundView' is named 'touchX'. This may cause problems when calling this function with named arguments.
w: file:///E:/Eranna_Reactive/chatApplication/frontend/node_modules/react-native-screens/android/src/main/java/com/swmansion/rnscreens/bottomsheet/DimmingView.kt:65:9 The corresponding parameter in the supertype 'ReactCompoundView' is named 'touchY'. This may cause problems when calling this function with named arguments.
w: file:///E:/Eranna_Reactive/chatApplication/frontend/node_modules/react-native-screens/android/src/main/java/com/swmansion/rnscreens/bottomsheet/DimmingView.kt:69:9 The corresponding parameter in the supertype 'ReactCompoundViewGroup' is named 'touchX'. This may cause problems when calling this function with named arguments.
w: file:///E:/Eranna_Reactive/chatApplication/frontend/node_modules/react-native-screens/android/src/main/java/com/swmansion/rnscreens/bottomsheet/DimmingView.kt:70:9 The corresponding parameter in the supertype 'ReactCompoundViewGroup' is named 'touchY'. This may cause problems when calling this function with named arguments.
w: file:///E:/Eranna_Reactive/chatApplication/frontend/node_modules/react-native-screens/android/src/main/java/com/swmansion/rnscreens/gamma/common/event/BaseEventEmitter.kt:12:38 'fun getEventDispatcherForReactTag(context: ReactContext, reactTag: Int): EventDispatcher?' is deprecated. reactTag is no longer needed.
w: file:///E:/Eranna_Reactive/chatApplication/frontend/node_modules/react-native-screens/android/src/main/java/com/swmansion/rnscreens/gamma/tabs/host/TabsHostViewManager.kt:44:9 The corresponding parameter in the supertype 'TabsHostViewManager' is named 'view'. This may cause problems when calling this function with named arguments.
w: file:///E:/Eranna_Reactive/chatApplication/frontend/node_modules/react-native-screens/android/src/main/java/com/swmansion/rnscreens/safearea/SafeAreaView.kt:143:45 'fun consumeDisplayCutout(): @NonNull() WindowInsetsCompat' is deprecated. Deprecated in Java.

> Task :react-native-gesture-handler:buildCMakeRelWithDebInfo[arm64-v8a]
C/C++: Hard link from 'C:\Users\meran\.gradle\caches\9.3.1\transforms\59620672dad6b66e63202d7c7879dbd9\workspace\transformed\react-android-0.85.3-release\prefab\modules\reactnative\libs\android.arm64-v8a\libreactnative.so' to 'E:\Eranna_Reactive\chatApplication\frontend\node_modules\react-native-gesture-handler\android\build\intermediates\cxx\RelWithDebInfo\724s1s20\obj\arm64-v8a\libreactnative.so' failed. Doing a slower copy instead.
C/C++: Hard link from 'C:\Users\meran\.gradle\caches\9.3.1\transforms\59620672dad6b66e63202d7c7879dbd9\workspace\transformed\react-android-0.85.3-release\prefab\modules\reactnative\libs\android.arm64-v8a\libreactnative.so' to 'E:\Eranna_Reactive\chatApplication\frontend\node_modules\react-native-gesture-handler\android\build\intermediates\cxx\RelWithDebInfo\724s1s20\obj\arm64-v8a\libreactnative.so' failed. Doing a slower copy instead.

> Task :react-native-gesture-handler:mergeReleaseNativeLibs
> Task :react-native-gesture-handler:copyReleaseJniLibsProjectOnly
> Task :react-native-screens:compileReleaseJavaWithJavac
> Task :react-native-screens:bundleLibCompileToJarRelease
> Task :react-native-screens:bundleLibRuntimeToJarRelease
> Task :react-native-screens:processReleaseJavaRes
> Task :react-native-screens:createFullJarRelease
> Task :react-native-screens:bundleLibRuntimeToDirRelease
> Task :react-native-screens:generateReleaseLintModel
> Task :react-native-gesture-handler:stripReleaseDebugSymbols
> Task :react-native-gesture-handler:copyReleaseJniLibsProjectAndLocalJars
> Task :react-native-gesture-handler:mapReleaseSourceSetPaths
> Task :react-native-worklets:extractReleaseAnnotations

> Task :react-native-gesture-handler:compileReleaseKotlin
w: file:///E:/Eranna_Reactive/chatApplication/frontend/node_modules/react-native-gesture-handler/android/src/main/java/com/swmansion/gesturehandler/react/Extensions.kt:8:8 'class UIManagerModule : ReactContextBaseJavaModule, LifecycleEventListener, UIManager' is deprecated. Deprecated in Java.
w: file:///E:/Eranna_Reactive/chatApplication/frontend/node_modules/react-native-gesture-handler/android/src/main/java/com/swmansion/gesturehandler/react/Extensions.kt:13:29 'class UIManagerModule : ReactContextBaseJavaModule, LifecycleEventListener, UIManager' is deprecated. Deprecated in Java.
w: file:///E:/Eranna_Reactive/chatApplication/frontend/node_modules/react-native-gesture-handler/android/src/main/java/com/swmansion/gesturehandler/react/Extensions.kt:14:32 'class UIManagerModule : ReactContextBaseJavaModule, LifecycleEventListener, UIManager' is deprecated. Deprecated in Java.

> Task :react-native-gesture-handler:mergeReleaseResources
> Task :react-native-gesture-handler:compileReleaseJavaWithJavac
> Task :react-native-gesture-handler:bundleLibCompileToJarRelease
> Task :react-native-gesture-handler:bundleLibRuntimeToJarRelease
> Task :react-native-gesture-handler:processReleaseJavaRes
> Task :react-native-gesture-handler:createFullJarRelease
> Task :react-native-gesture-handler:generateReleaseLintModel
> Task :react-native-gesture-handler:bundleLibRuntimeToDirRelease
> Task :react-native-reanimated:extractReleaseAnnotations
> Task :react-native-screens:extractReleaseAnnotations
> Task :react-native-gesture-handler:extractReleaseAnnotations

> Task :app:configureCMakeRelWithDebInfo[arm64-v8a]
C/C++: CMake Warning in E:/Eranna_Reactive/chatApplication/frontend/node_modules/react-native-gesture-handler/android/build/generated/source/codegen/jni/CMakeLists.txt:
C/C++:   The object file directory
C/C++:     E:/Eranna_Reactive/chatApplication/frontend/android/app/.cxx/RelWithDebInfo/1l4t1ug6/arm64-v8a/rngesturehandler_codegen_autolinked_build/CMakeFiles/react_codegen_rngesturehandler_codegen.dir/./
C/C++:   has 193 characters.  The maximum full path to an object file is 250
C/C++:   characters (see CMAKE_OBJECT_PATH_MAX).  Object file
C/C++:     react/renderer/components/rngesturehandler_codegen/ComponentDescriptors.cpp.o
C/C++:   cannot be safely placed under this directory.  The build may not work
C/C++:   correctly.

> Task :expo:mergeReleaseResources
> Task :app:buildCMakeRelWithDebInfo[arm64-v8a]
> Task :expo:verifyReleaseResources
> Task :expo-modules-core:buildCMakeRelWithDebInfo[arm64-v8a]
C/C++: ninja: Entering directory `E:\Eranna_Reactive\chatApplication\frontend\node_modules\expo-modules-core\android\.cxx\RelWithDebInfo\466zs1s4\arm64-v8a'
C/C++: E:/Eranna_Reactive/chatApplication/frontend/node_modules/expo-modules-core/android/src/main/cpp/fabric/ExpoComponentDescriptorFactory.cpp:17:5: warning: 'RawPropsParser' is deprecated [-Wdeprecated-declarations]
C/C++:    17 |     react::RawPropsParser(/*useRawPropsJsiValue=*/true)
C/C++:       |     ^
C/C++: E:/Eranna_Reactive/chatApplication/frontend/node_modules/react-native/ReactCommon/react/renderer/core/RawPropsParser.h:31:5: note: 'RawPropsParser' has been explicitly marked deprecated here
C/C++:    31 |   [[deprecated]] explicit RawPropsParser(bool /* ignored */) : RawPropsParser() {}
C/C++:       |     ^
C/C++: 1 warning generated.
C/C++: Hard link from 'C:\Users\meran\.gradle\caches\9.3.1\transforms\59620672dad6b66e63202d7c7879dbd9\workspace\transformed\react-android-0.85.3-release\prefab\modules\reactnative\libs\android.arm64-v8a\libreactnative.so' to 'E:\Eranna_Reactive\chatApplication\frontend\node_modules\expo-modules-core\android\build\intermediates\cxx\RelWithDebInfo\466zs1s4\obj\arm64-v8a\libreactnative.so' failed. Doing a slower copy instead.
C/C++: Hard link from 'C:\Users\meran\.gradle\caches\9.3.1\transforms\59620672dad6b66e63202d7c7879dbd9\workspace\transformed\react-android-0.85.3-release\prefab\modules\reactnative\libs\android.arm64-v8a\libreactnative.so' to 'E:\Eranna_Reactive\chatApplication\frontend\node_modules\expo-modules-core\android\build\intermediates\cxx\RelWithDebInfo\466zs1s4\obj\arm64-v8a\libreactnative.so' failed. Doing a slower copy instead.

> Task :expo-modules-core:mergeReleaseNativeLibs
> Task :expo-modules-core:compileReleaseKotlin

> Task :app:buildCMakeRelWithDebInfo[arm64-v8a]
C/C++: Hard link from 'C:\Users\meran\.gradle\caches\9.3.1\transforms\59620672dad6b66e63202d7c7879dbd9\workspace\transformed\react-android-0.85.3-release\prefab\modules\reactnative\libs\android.arm64-v8a\libreactnative.so' to 'E:\Eranna_Reactive\chatApplication\frontend\android\app\build\intermediates\cxx\RelWithDebInfo\1l4t1ug6\obj\arm64-v8a\libreactnative.so' failed. Doing a slower copy instead.
C/C++: Hard link from 'C:\Users\meran\.gradle\caches\9.3.1\transforms\59620672dad6b66e63202d7c7879dbd9\workspace\transformed\react-android-0.85.3-release\prefab\modules\reactnative\libs\android.arm64-v8a\libreactnative.so' to 'E:\Eranna_Reactive\chatApplication\frontend\android\app\build\intermediates\cxx\RelWithDebInfo\1l4t1ug6\obj\arm64-v8a\libreactnative.so' failed. Doing a slower copy instead.

> Task :app:generateReleaseBuildConfig
> Task :app:generateReleaseResValues
> Task :app:checkReleaseAarMetadata
> Task :app:mapReleaseSourceSetPaths
> Task :app:generateReleaseResources
> Task :app:packageReleaseResources
> Task :app:createReleaseCompatibleScreenManifests
> Task :app:extractDeepLinksRelease
> Task :app:parseReleaseLocalResources
> Task :app:mergeReleaseResources

> Task :app:processReleaseMainManifest
E:\Eranna_Reactive\chatApplication\frontend\android\app\src\main\AndroidManifest.xml Warning:
	provider#expo.modules.filesystem.FileSystemFileProvider@android:authorities was tagged at AndroidManifest.xml:0 to replace other declarations but no other declaration present

> Task :app:expoReleaseOverrideMaxSdkConflicts
[33m---------- Expo Max Sdk Override Plugin ----------[0m
[32m>>> No 'android:maxSdkVersion' conflicts found[0m
[33m--------------------------------------------------[0m

> Task :app:processReleaseManifest
> Task :app:javaPreCompileRelease
> Task :app:desugarReleaseFileDependencies
> Task :app:mergeReleaseStartupProfile
> Task :app:processReleaseManifestForPackage
> Task :app:mergeExtDexRelease
> Task :expo-modules-core:copyReleaseJniLibsProjectOnly
> Task :expo-modules-core:stripReleaseDebugSymbols
> Task :expo-modules-core:mapReleaseSourceSetPaths
> Task :expo-modules-core:copyReleaseJniLibsProjectAndLocalJars
> Task :app:mergeReleaseNativeLibs
> Task :expo-modules-core:mergeReleaseResources
> Task :app:mergeReleaseArtProfile
> Task :app:mergeReleaseShaders
> Task :app:compileReleaseShaders NO-SOURCE
> Task :app:generateReleaseAssets UP-TO-DATE
> Task :app:stripReleaseDebugSymbols
> Task :app:mergeReleaseAssets
> Task :app:extractReleaseNativeSymbolTables
> Task :app:processReleaseResources
> Task :app:compressReleaseAssets
> Task :app:extractReleaseVersionControlInfo
> Task :app:extractProguardFiles
> Task :app:mergeReleaseNativeDebugMetadata
> Task :app:collectReleaseDependencies
> Task :app:sdkReleaseDependencyData
> Task :app:validateSigningRelease
> Task :app:writeReleaseAppMetadata
> Task :app:writeReleaseSigningConfigVersions
> Task :app:optimizeReleaseResources

> Task :expo-modules-core:compileReleaseKotlin
w: file:///E:/Eranna_Reactive/chatApplication/frontend/node_modules/expo-modules-core/android/src/main/java/expo/modules/apploader/AppLoaderProvider.kt:34:52 Unchecked cast of 'Class<*>!' to 'Class<out HeadlessAppLoader>'.
w: file:///E:/Eranna_Reactive/chatApplication/frontend/node_modules/expo-modules-core/android/src/main/java/expo/modules/kotlin/AppContext.kt:14:8 'class UIManagerModule : ReactContextBaseJavaModule, LifecycleEventListener, UIManager' is deprecated. Deprecated in Java.
w: file:///E:/Eranna_Reactive/chatApplication/frontend/node_modules/expo-modules-core/android/src/main/java/expo/modules/kotlin/AppContext.kt:22:8 'typealias ErrorManagerModule = JSLoggerModule' is deprecated. Use JSLoggerModule instead.
w: file:///E:/Eranna_Reactive/chatApplication/frontend/node_modules/expo-modules-core/android/src/main/java/expo/modules/kotlin/AppContext.kt:61:13 'val hostingRuntimeContext: MainRuntime' is deprecated. Use AppContext.runtimeContext instead.
w: file:///E:/Eranna_Reactive/chatApplication/frontend/node_modules/expo-modules-core/android/src/main/java/expo/modules/kotlin/AppContext.kt:271:21 'typealias ErrorManagerModule = JSLoggerModule' is deprecated. Use JSLoggerModule instead.
w: file:///E:/Eranna_Reactive/chatApplication/frontend/node_modules/expo-modules-core/android/src/main/java/expo/modules/kotlin/AppContext.kt:380:21 'val DEFAULT: Int' is deprecated. UIManagerType.DEFAULT will be deleted in the next release of React Native. Use [LEGACY] instead.
w: file:///E:/Eranna_Reactive/chatApplication/frontend/node_modules/expo-modules-core/android/src/main/java/expo/modules/kotlin/AppContext.kt:381:10 'class UIManagerModule : ReactContextBaseJavaModule, LifecycleEventListener, UIManager' is deprecated. Deprecated in Java.
w: file:///E:/Eranna_Reactive/chatApplication/frontend/node_modules/expo-modules-core/android/src/main/java/expo/modules/kotlin/defaultmodules/NativeModulesProxyModule.kt:16:5 'fun Constants(legacyConstantsProvider: () -> Map<String, Any?>): Unit' is deprecated. Use `Constant` or `Property` instead.
w: file:///E:/Eranna_Reactive/chatApplication/frontend/node_modules/expo-modules-core/android/src/main/java/expo/modules/kotlin/events/KModuleEventEmitterWrapper.kt:99:21 'fun getEventDispatcherForReactTag(context: ReactContext, reactTag: Int): EventDispatcher?' is deprecated. reactTag is no longer needed.
w: file:///E:/Eranna_Reactive/chatApplication/frontend/node_modules/expo-modules-core/android/src/main/java/expo/modules/kotlin/events/KModuleEventEmitterWrapper.kt:108:21 'fun getEventDispatcherForReactTag(context: ReactContext, reactTag: Int): EventDispatcher?' is deprecated. reactTag is no longer needed.
w: file:///E:/Eranna_Reactive/chatApplication/frontend/node_modules/expo-modules-core/android/src/main/java/expo/modules/kotlin/views/ViewDefinitionBuilder.kt:470:16 'val errorManager: JSLoggerModule?' is deprecated. Use AppContext.jsLogger instead.
w: file:///E:/Eranna_Reactive/chatApplication/frontend/node_modules/expo-modules-core/android/src/main/java/expo/modules/kotlin/views/ViewDefinitionBuilder.kt:470:30 'fun reportExceptionToLogBox(codedException: CodedException): Unit' is deprecated. Use appContext.jsLogger.error(...) instead.
w: file:///E:/Eranna_Reactive/chatApplication/frontend/node_modules/expo-modules-core/android/src/main/java/expo/modules/kotlin/views/ViewManagerDefinition.kt:41:16 'val errorManager: JSLoggerModule?' is deprecated. Use AppContext.jsLogger instead.
w: file:///E:/Eranna_Reactive/chatApplication/frontend/node_modules/expo-modules-core/android/src/main/java/expo/modules/kotlin/views/ViewManagerDefinition.kt:41:30 'fun reportExceptionToLogBox(codedException: CodedException): Unit' is deprecated. Use appContext.jsLogger.error(...) instead.

> Task :expo-modules-core:verifyReleaseResources

> Task :expo-modules-core:compileReleaseJavaWithJavac
Note: Some input files use or override a deprecated API.
Note: Recompile with -Xlint:deprecation for details.

> Task :expo-modules-core:processReleaseJavaRes
> Task :expo-modules-core:bundleLibCompileToJarRelease
> Task :expo-modules-core:bundleLibRuntimeToJarRelease
> Task :expo-modules-core:generateReleaseLintModel
> Task :expo-modules-core:createFullJarRelease
> Task :expo-modules-core:bundleLibRuntimeToDirRelease

> Task :expo-constants:compileReleaseKotlin
w: file:///E:/Eranna_Reactive/chatApplication/frontend/node_modules/expo-constants/android/src/main/java/expo/modules/constants/ConstantsModule.kt:13:5 'fun Constants(legacyConstantsProvider: () -> Map<String, Any?>): Unit' is deprecated. Use `Constant` or `Property` instead.

> Task :expo-log-box:compileReleaseKotlin
> Task :expo-constants:compileReleaseJavaWithJavac
> Task :expo-constants:bundleLibRuntimeToDirRelease
> Task :expo-constants:bundleLibCompileToJarRelease
> Task :expo-constants:processReleaseJavaRes
> Task :expo-constants:bundleLibRuntimeToJarRelease
> Task :expo-log-box:compileReleaseJavaWithJavac
> Task :expo-constants:generateReleaseLintModel
> Task :expo-log-box:bundleLibCompileToJarRelease
> Task :expo-log-box:bundleLibRuntimeToJarRelease
> Task :expo-log-box:bundleLibRuntimeToDirRelease
> Task :expo-constants:createFullJarRelease
> Task :expo-log-box:processReleaseJavaRes
> Task :expo-log-box:createFullJarRelease
> Task :expo-log-box:generateReleaseLintModel

> Task :expo:compileReleaseKotlin
w: file:///E:/Eranna_Reactive/chatApplication/frontend/node_modules/expo/android/src/main/java/expo/modules/ExpoModulesPackage.kt:34:16 This declaration overrides a deprecated member but is not marked as deprecated itself. Add the '@Deprecated' annotation or suppress the diagnostic.
w: file:///E:/Eranna_Reactive/chatApplication/frontend/node_modules/expo/android/src/main/java/expo/modules/ReactActivityDelegateWrapper.kt:22:8 'class ReactInstanceManager : Any' is deprecated. Deprecated in Java.
w: file:///E:/Eranna_Reactive/chatApplication/frontend/node_modules/expo/android/src/main/java/expo/modules/ReactActivityDelegateWrapper.kt:102:16 This declaration overrides a deprecated member but is not marked as deprecated itself. Add the '@Deprecated' annotation or suppress the diagnostic.
w: file:///E:/Eranna_Reactive/chatApplication/frontend/node_modules/expo/android/src/main/java/expo/modules/ReactActivityDelegateWrapper.kt:102:43 'class ReactInstanceManager : Any' is deprecated. Deprecated in Java.
w: file:///E:/Eranna_Reactive/chatApplication/frontend/node_modules/expo/android/src/main/java/expo/modules/ReactActivityDelegateWrapper.kt:103:21 'val reactInstanceManager: ReactInstanceManager' is deprecated. Deprecated in Java.
w: file:///E:/Eranna_Reactive/chatApplication/frontend/node_modules/expo/android/src/main/java/expo/modules/fetch/ExpoFetchModule.kt:32:39 'constructor(reactContext: ReactContext): ForwardingCookieHandler' is deprecated. Use the default constructor.
w: file:///E:/Eranna_Reactive/chatApplication/frontend/node_modules/expo/android/src/main/java/expo/modules/fetch/NativeResponse.kt:42:16 This declaration overrides a deprecated member but is not marked as deprecated itself. Add the '@Deprecated' annotation or suppress the diagnostic.
w: file:///E:/Eranna_Reactive/chatApplication/frontend/node_modules/expo/android/src/main/java/expo/modules/fetch/NativeResponse.kt:44:11 'fun deallocate(): Unit' is deprecated. Use sharedObjectDidRelease() instead.

> Task :expo:compileReleaseJavaWithJavac
> Task :expo:bundleLibCompileToJarRelease
> Task :expo:bundleLibRuntimeToDirRelease
> Task :expo:bundleLibRuntimeToJarRelease
> Task :app:compileReleaseKotlin
> Task :expo:processReleaseJavaRes
> Task :expo:createFullJarRelease
> Task :app:compileReleaseJavaWithJavac
> Task :app:dexBuilderRelease
> Task :app:mergeReleaseGlobalSynthetics
> Task :expo:generateReleaseLintModel
> Task :app:processReleaseJavaRes
> Task :app:generateReleaseLintVitalReportModel
> Task :app:mergeReleaseJavaResource
> Task :expo-modules-core:extractReleaseAnnotations
> Task :expo-constants:extractReleaseAnnotations
> Task :expo-log-box:extractReleaseAnnotations
> Task :expo:extractReleaseAnnotations
> Task :app:mergeDexRelease
> Task :app:compileReleaseArtProfile
> Task :expo:mergeReleaseGeneratedProguardFiles
> Task :react-native-masked-view_masked-view:mergeReleaseGeneratedProguardFiles
> Task :expo-constants:mergeReleaseGeneratedProguardFiles
> Task :expo-log-box:mergeReleaseGeneratedProguardFiles
> Task :react-native-gesture-handler:mergeReleaseGeneratedProguardFiles
> Task :react-native-masked-view_masked-view:mergeReleaseConsumerProguardFiles
> Task :expo-constants:mergeReleaseConsumerProguardFiles
> Task :react-native-worklets:mergeReleaseGeneratedProguardFiles
> Task :expo-log-box:mergeReleaseConsumerProguardFiles
> Task :react-native-safe-area-context:mergeReleaseGeneratedProguardFiles
> Task :react-native-gesture-handler:mergeReleaseConsumerProguardFiles
> Task :react-native-safe-area-context:mergeReleaseConsumerProguardFiles
> Task :react-native-worklets:mergeReleaseConsumerProguardFiles
> Task :react-native-reanimated:mergeReleaseGeneratedProguardFiles
> Task :react-native-reanimated:mergeReleaseConsumerProguardFiles
> Task :react-native-masked-view_masked-view:mergeReleaseJavaResource
> Task :expo:mergeReleaseConsumerProguardFiles
> Task :react-native-screens:mergeReleaseGeneratedProguardFiles
> Task :react-native-svg:mergeReleaseGeneratedProguardFiles
> Task :react-native-screens:mergeReleaseConsumerProguardFiles
> Task :react-native-worklets:mergeReleaseJavaResource
> Task :react-native-gesture-handler:mergeReleaseJavaResource
> Task :expo-constants:mergeReleaseJavaResource
> Task :expo-log-box:mergeReleaseJavaResource
> Task :react-native-svg:mergeReleaseConsumerProguardFiles
> Task :react-native-screens:mergeReleaseJavaResource
> Task :react-native-masked-view_masked-view:syncReleaseLibJars
> Task :expo-modules-core:mergeReleaseGeneratedProguardFiles
> Task :react-native-worklets:syncReleaseLibJars
> Task :expo-modules-core:mergeReleaseConsumerProguardFiles
> Task :react-native-reanimated:syncReleaseLibJars
> Task :react-native-worklets:writeReleaseLintModelMetadata
> Task :react-native-safe-area-context:mergeReleaseJavaResource
> Task :react-native-worklets:copyReleaseJniLibsProjectAndLocalJars
> Task :react-native-reanimated:copyReleaseJniLibsProjectAndLocalJars
> Task :react-native-masked-view_masked-view:bundleReleaseLocalLintAar
> Task :react-native-svg:mergeReleaseJavaResource
> Task :expo-modules-core:mergeReleaseJavaResource
> Task :expo:mergeReleaseJavaResource
> Task :expo-modules-core:generateReleaseLintVitalModel
> Task :react-native-gesture-handler:syncReleaseLibJars
> Task :react-native-gesture-handler:bundleReleaseLocalLintAar
> Task :expo:syncReleaseLibJars
> Task :expo:bundleReleaseLocalLintAar
> Task :expo-log-box:syncReleaseLibJars
> Task :expo-log-box:bundleReleaseLocalLintAar
> Task :expo-constants:syncReleaseLibJars
> Task :expo-constants:bundleReleaseLocalLintAar
> Task :react-native-svg:syncReleaseLibJars
> Task :react-native-masked-view_masked-view:writeReleaseLintModelMetadata
> Task :react-native-svg:bundleReleaseLocalLintAar
> Task :react-native-safe-area-context:syncReleaseLibJars
> Task :expo:generateReleaseLintVitalModel
> Task :react-native-svg:writeReleaseLintModelMetadata
> Task :expo-constants:generateReleaseLintVitalModel
> Task :react-native-safe-area-context:bundleReleaseLocalLintAar
> Task :expo-log-box:generateReleaseLintVitalModel
> Task :react-native-gesture-handler:generateReleaseLintVitalModel
> Task :react-native-masked-view_masked-view:generateReleaseLintVitalModel
> Task :react-native-svg:generateReleaseLintVitalModel
> Task :react-native-safe-area-context:writeReleaseLintModelMetadata UP-TO-DATE
> Task :expo-constants:bundleReleaseAar
> Task :expo-constants:assembleRelease
> Task :expo:bundleReleaseAar
> Task :expo:assembleRelease
> Task :react-native-safe-area-context:generateReleaseLintVitalModel
> Task :expo-log-box:bundleReleaseAar
> Task :expo-log-box:assembleRelease
> Task :react-native-screens:syncReleaseLibJars
> Task :react-native-masked-view_masked-view:bundleReleaseAar
> Task :react-native-gesture-handler:bundleReleaseAar
> Task :react-native-safe-area-context:bundleReleaseAar
> Task :react-native-safe-area-context:mapReleaseSourceSetPaths UP-TO-DATE
> Task :react-native-svg:bundleReleaseAar
> Task :react-native-svg:mapReleaseSourceSetPaths
> Task :react-native-masked-view_masked-view:mapReleaseSourceSetPaths
> Task :react-native-screens:bundleReleaseLocalLintAar
> Task :react-native-worklets:bundleReleaseLocalLintAar
> Task :react-native-reanimated:bundleReleaseLocalLintAar
> Task :react-native-reanimated:generateReleaseLintVitalModel
> Task :react-native-worklets:generateReleaseLintVitalModel
> Task :react-native-screens:generateReleaseLintVitalModel
> Task :react-native-screens:bundleReleaseAar
> Task :react-native-screens:assembleRelease
> Task :expo-modules-core:syncReleaseLibJars
> Task :expo-modules-core:bundleReleaseLocalLintAar
> Task :expo-modules-core:bundleReleaseAar
> Task :expo-modules-core:assembleRelease
> Task :react-native-worklets:bundleReleaseAar
> Task :react-native-worklets:mapReleaseSourceSetPaths
> Task :react-native-svg:mergeReleaseResources
> Task :react-native-safe-area-context:mergeReleaseResources
> Task :react-native-masked-view_masked-view:mergeReleaseResources
> Task :react-native-worklets:mergeReleaseResources
> Task :react-native-reanimated:bundleReleaseAar
> Task :react-native-reanimated:mapReleaseSourceSetPaths
> Task :react-native-worklets:lintVitalAnalyzeRelease
> Task :react-native-gesture-handler:verifyReleaseResources
> Task :react-native-gesture-handler:assembleRelease
> Task :react-native-masked-view_masked-view:lintVitalAnalyzeRelease
> Task :react-native-reanimated:mergeReleaseResources
> Task :expo-constants:lintVitalAnalyzeRelease
> Task :react-native-svg:verifyReleaseResources
> Task :react-native-svg:assembleRelease
> Task :react-native-safe-area-context:verifyReleaseResources
> Task :react-native-safe-area-context:assembleRelease
> Task :react-native-worklets:verifyReleaseResources
> Task :react-native-worklets:assembleRelease
> Task :react-native-masked-view_masked-view:verifyReleaseResources
> Task :react-native-masked-view_masked-view:assembleRelease
> Task :expo-log-box:lintVitalAnalyzeRelease
> Task :react-native-safe-area-context:lintVitalAnalyzeRelease
> Task :expo:lintVitalAnalyzeRelease
> Task :react-native-reanimated:verifyReleaseResources
> Task :react-native-reanimated:assembleRelease
> Task :react-native-reanimated:lintVitalAnalyzeRelease
> Task :react-native-gesture-handler:lintVitalAnalyzeRelease
> Task :react-native-svg:lintVitalAnalyzeRelease
> Task :react-native-screens:lintVitalAnalyzeRelease
> Task :expo-modules-core:lintVitalAnalyzeRelease
> Task :app:lintVitalAnalyzeRelease
> Task :app:lintVitalReportRelease
> Task :app:lintVitalRelease
> Task :app:packageRelease
> Task :app:createReleaseApkListingFileRedirect
> Task :app:assembleRelease

[Incubating] Problems report is available at: file:///E:/Eranna_Reactive/chatApplication/frontend/android/build/reports/problems/problems-report.html

Deprecated Gradle features were used in this build, making it incompatible with Gradle 10.

You can use '--warning-mode all' to show the individual deprecation warnings and determine if they come from your own scripts or plugins.

For more on this, please refer to https://docs.gradle.org/9.3.1/userguide/command_line_interface.html#sec:command_line_warnings in the Gradle documentation.

BUILD SUCCESSFUL in 13m 17s
574 actionable tasks: 302 executed, 272 up-to-date
GRADLE_EXIT=0
